<?xml version="1.0" encoding="UTF-8"?>
<testng-results skipped="0" failed="0" ignored="0" total="1" passed="1">
  <reporter-output>
  </reporter-output>
  <suite name="Default suite" duration-ms="199521" started-at="2022-09-29T02:04:21 IST" finished-at="2022-09-29T02:07:41 IST">
    <groups>
    </groups>
    <test name="Default test" duration-ms="199521" started-at="2022-09-29T02:04:21 IST" finished-at="2022-09-29T02:07:41 IST">
      <class name="com.nirvana.TestCases.ExecuteTestCase_1">
        <test-method status="PASS" signature="setup()[pri:0, instance:com.nirvana.TestCases.ExecuteTestCase_1@6cc7b4de]" name="setup" is-config="true" duration-ms="22007" started-at="2022-09-29T02:04:21 IST" finished-at="2022-09-29T02:04:43 IST">
          <reporter-output>
          </reporter-output>
        </test-method> <!-- setup -->
        <test-method status="PASS" signature="Test()[pri:0, instance:com.nirvana.TestCases.ExecuteTestCase_1@6cc7b4de]" name="Test" duration-ms="177471" started-at="2022-09-29T02:04:43 IST" finished-at="2022-09-29T02:07:41 IST">
          <reporter-output>
          </reporter-output>
        </test-method> <!-- Test -->
        <test-method status="PASS" signature="tearDown()[pri:0, instance:com.nirvana.TestCases.ExecuteTestCase_1@6cc7b4de]" name="tearDown" is-config="true" duration-ms="1" started-at="2022-09-29T02:07:41 IST" finished-at="2022-09-29T02:07:41 IST">
          <reporter-output>
          </reporter-output>
        </test-method> <!-- tearDown -->
      </class> <!-- com.nirvana.TestCases.ExecuteTestCase_1 -->
    </test> <!-- Default test -->
  </suite> <!-- Default suite -->
</testng-results>
